<?xml version="1.0" encoding="UTF-8"?>
<!-- Generated by org.testng.reporters.JUnitXMLReporter -->
<testsuite ignored="12" hostname="Sid" failures="2" tests="12" name="Test" time="154.455" errors="0" timestamp="2024-01-29T13:31:24 IST">
  <testcase classname="script.login.IncorrectEmailLogin" name="incorrectEmailLogin" time="6.331"/>
  <testcase classname="script.search.Search" name="testSearchProduct" time="10.507"/>
  <testcase classname="script.search.Search" name="testSearchProduct" time="11.499"/>
  <testcase classname="script.search.Search" name="testSearchProduct" time="12.317"/>
  <testcase classname="script.search.Search" name="testSearchProduct" time="9.67"/>
  <testcase classname="script.search.Search" name="testSearchProduct" time="8.938"/>
  <testcase classname="script.userflow.UserFlow" name="testSearchProduct" time="11.872">
    <failure type="java.lang.AssertionError" message="The following asserts failed:
	expected [true] but found [false]">
      <![CDATA[java.lang.AssertionError: The following asserts failed:
expected [true] but found [false]
at script.userflow.UserFlow.testSearchProduct(UserFlow.java:58)
at java.base/java.util.ArrayList.forEach(ArrayList.java:1511)
... Removed 33 stack frames]]>
    </failure>
  </testcase> <!-- testSearchProduct -->
  <testcase classname="script.userflow.UserFlow" name="testSearchProduct" time="14.843">
    <failure type="org.openqa.selenium.NoSuchElementException" message="Cannot locate option with text: 3
For documentation on this error, please visit: https://www.selenium.dev/documentation/webdriver/troubleshooting/errors#no-such-element-exception
Build info: version: &amp;apos;4.17.0&amp;apos;, revision: &amp;apos;e52b1be057*&amp;apos;
System info: os.name: &amp;apos;Windows 10&amp;apos;, os.arch: &amp;apos;amd64&amp;apos;, os.version: &amp;apos;10.0&amp;apos;, java.version: &amp;apos;17.0.8.1&amp;apos;
Driver info: driver.version: unknown">
      <![CDATA[org.openqa.selenium.NoSuchElementException: Cannot locate option with text: 3
For documentation on this error, please visit: https://www.selenium.dev/documentation/webdriver/troubleshooting/errors#no-such-element-exception
Build info: version: '4.17.0', revision: 'e52b1be057*'
System info: os.name: 'Windows 10', os.arch: 'amd64', os.version: '10.0', java.version: '17.0.8.1'
Driver info: driver.version: unknown
at org.openqa.selenium.support.ui.Select.selectByVisibleText(Select.java:153)
at page.ResultPage.setQuantity(ResultPage.java:92)
at script.userflow.UserFlow.testSearchProduct(UserFlow.java:43)
at java.base/java.util.ArrayList.forEach(ArrayList.java:1511)
... Removed 31 stack frames]]>
    </failure>
  </testcase> <!-- testSearchProduct -->
  <testcase classname="script.login.IncorrectPhoneLogin" name="testIncorrectPhoneLogin" time="4.372"/>
  <testcase classname="script.login.MissingEmailLogin" name="testMissingEmaildLogin" time="3.721"/>
  <testcase classname="script.login.MissingPasswordLogin" name="testMissingPasswordLogin" time="4.864"/>
  <testcase classname="script.login.ValidPhoneNumberLogin" name="testValidLogin" time="5.798"/>
  <testcase classname="generic.BaseTest" name="@BeforeSuite setReport" time="0.0">
    <ignored/>
  </testcase> <!-- @BeforeSuite setReport -->
  <testcase classname="generic.BaseTest" name="@AfterSuite publishReport" time="0.0">
    <ignored/>
  </testcase> <!-- @AfterSuite publishReport -->
  <testcase classname="generic.BaseTest" name="@AfterSuite publishReport" time="0.0">
    <ignored/>
  </testcase> <!-- @AfterSuite publishReport -->
  <testcase classname="generic.BaseTest" name="@BeforeSuite setReport" time="0.0">
    <ignored/>
  </testcase> <!-- @BeforeSuite setReport -->
  <testcase classname="generic.BaseTest" name="@BeforeSuite setReport" time="0.0">
    <ignored/>
  </testcase> <!-- @BeforeSuite setReport -->
  <testcase classname="generic.BaseTest" name="@BeforeSuite setReport" time="0.0">
    <ignored/>
  </testcase> <!-- @BeforeSuite setReport -->
  <testcase classname="generic.BaseTest" name="@AfterSuite publishReport" time="0.0">
    <ignored/>
  </testcase> <!-- @AfterSuite publishReport -->
  <testcase classname="generic.BaseTest" name="@AfterSuite publishReport" time="0.0">
    <ignored/>
  </testcase> <!-- @AfterSuite publishReport -->
  <testcase classname="generic.BaseTest" name="@BeforeSuite setReport" time="0.0">
    <ignored/>
  </testcase> <!-- @BeforeSuite setReport -->
  <testcase classname="generic.BaseTest" name="@BeforeSuite setReport" time="0.0">
    <ignored/>
  </testcase> <!-- @BeforeSuite setReport -->
  <testcase classname="generic.BaseTest" name="@AfterSuite publishReport" time="0.0">
    <ignored/>
  </testcase> <!-- @AfterSuite publishReport -->
  <testcase classname="generic.BaseTest" name="@AfterSuite publishReport" time="0.0">
    <ignored/>
  </testcase> <!-- @AfterSuite publishReport -->
</testsuite> <!-- Test -->
