<?xml version="1.0" encoding="UTF-8"?>
<testng-results ignored="0" total="2" passed="1" failed="1" skipped="0">
  <reporter-output>
  </reporter-output>
  <suite started-at="2024-01-29T12:08:26 IST" name="Default suite" finished-at="2024-01-29T12:09:02 IST" duration-ms="36397">
    <groups>
    </groups>
    <test started-at="2024-01-29T12:08:26 IST" name="Default test" finished-at="2024-01-29T12:09:02 IST" duration-ms="36397">
      <class name="script.userflow.UserFlow">
        <test-method is-config="true" signature="setReport()[pri:0, instance:script.userflow.UserFlow@121314f7]" started-at="2024-01-29T12:08:25 IST" name="setReport" finished-at="2024-01-29T12:08:26 IST" duration-ms="371" status="PASS">
          <reporter-output>
          </reporter-output>
        </test-method> <!-- setReport -->
        <test-method is-config="true" signature="preCondition(java.lang.reflect.Method,java.lang.String)[pri:0, instance:script.userflow.UserFlow@121314f7]" started-at="2024-01-29T12:08:26 IST" name="preCondition" finished-at="2024-01-29T12:08:31 IST" duration-ms="5195" status="PASS">
          <params>
            <param index="0">
              <value>
                <![CDATA[public void script.userflow.UserFlow.testSearchProduct(java.lang.String,java.lang.String)]]>
              </value>
            </param>
            <param index="1">
              <value>
                <![CDATA[qa_env.properties]]>
              </value>
            </param>
          </params>
          <reporter-output>
          </reporter-output>
        </test-method> <!-- preCondition -->
        <test-method signature="testSearchProduct(java.lang.String,java.lang.String)[pri:0, instance:script.userflow.UserFlow@121314f7]" started-at="2024-01-29T12:08:31 IST" name="testSearchProduct" data-provider="getData" finished-at="2024-01-29T12:08:43 IST" duration-ms="11729" status="PASS">
          <params>
            <param index="0">
              <value>
                <![CDATA[keyboard]]>
              </value>
            </param>
            <param index="1">
              <value>
                <![CDATA[1]]>
              </value>
            </param>
          </params>
          <reporter-output>
          </reporter-output>
        </test-method> <!-- testSearchProduct -->
        <test-method is-config="true" signature="postCondition(org.testng.ITestResult)[pri:0, instance:script.userflow.UserFlow@121314f7]" started-at="2024-01-29T12:08:43 IST" name="postCondition" finished-at="2024-01-29T12:08:43 IST" duration-ms="395" status="PASS">
          <params>
            <param index="0">
              <value>
                <![CDATA[[TestResult name=testSearchProduct status=SUCCESS method=UserFlow.testSearchProduct(java.lang.String,java.lang.String)[pri:0, instance:script.userflow.UserFlow@121314f7] output={null}]]]>
              </value>
            </param>
          </params>
          <reporter-output>
          </reporter-output>
        </test-method> <!-- postCondition -->
        <test-method is-config="true" signature="preCondition(java.lang.reflect.Method,java.lang.String)[pri:0, instance:script.userflow.UserFlow@121314f7]" started-at="2024-01-29T12:08:43 IST" name="preCondition" finished-at="2024-01-29T12:08:46 IST" duration-ms="3373" status="PASS">
          <params>
            <param index="0">
              <value>
                <![CDATA[public void script.userflow.UserFlow.testSearchProduct(java.lang.String,java.lang.String)]]>
              </value>
            </param>
            <param index="1">
              <value>
                <![CDATA[qa_env.properties]]>
              </value>
            </param>
          </params>
          <reporter-output>
          </reporter-output>
        </test-method> <!-- preCondition -->
        <test-method signature="testSearchProduct(java.lang.String,java.lang.String)[pri:0, instance:script.userflow.UserFlow@121314f7]" started-at="2024-01-29T12:08:46 IST" name="testSearchProduct" data-provider="getData" finished-at="2024-01-29T12:09:01 IST" duration-ms="15068" status="FAIL">
          <params>
            <param index="0">
              <value>
                <![CDATA[mouse]]>
              </value>
            </param>
            <param index="1">
              <value>
                <![CDATA[3]]>
              </value>
            </param>
          </params>
          <exception class="org.openqa.selenium.NoSuchElementException">
            <message>
              <![CDATA[Cannot locate option with text: 3
For documentation on this error, please visit: https://www.selenium.dev/documentation/webdriver/troubleshooting/errors#no-such-element-exception
Build info: version: '4.17.0', revision: 'e52b1be057*'
System info: os.name: 'Windows 10', os.arch: 'amd64', os.version: '10.0', java.version: '17.0.8.1'
Driver info: driver.version: unknown]]>
            </message>
            <full-stacktrace>
              <![CDATA[org.openqa.selenium.NoSuchElementException: Cannot locate option with text: 3
For documentation on this error, please visit: https://www.selenium.dev/documentation/webdriver/troubleshooting/errors#no-such-element-exception
Build info: version: '4.17.0', revision: 'e52b1be057*'
System info: os.name: 'Windows 10', os.arch: 'amd64', os.version: '10.0', java.version: '17.0.8.1'
Driver info: driver.version: unknown
at org.openqa.selenium.support.ui.Select.selectByVisibleText(Select.java:153)
at page.ResultPage.setQuantity(ResultPage.java:92)
at script.userflow.UserFlow.testSearchProduct(UserFlow.java:43)
at java.base/jdk.internal.reflect.NativeMethodAccessorImpl.invoke0(Native Method)
at java.base/jdk.internal.reflect.NativeMethodAccessorImpl.invoke(NativeMethodAccessorImpl.java:77)
at java.base/jdk.internal.reflect.DelegatingMethodAccessorImpl.invoke(DelegatingMethodAccessorImpl.java:43)
at java.base/java.lang.reflect.Method.invoke(Method.java:568)
at org.testng.internal.MethodInvocationHelper.invokeMethod(MethodInvocationHelper.java:133)
at org.testng.internal.TestInvoker.invokeMethod(TestInvoker.java:598)
at org.testng.internal.TestInvoker.invokeTestMethod(TestInvoker.java:173)
at org.testng.internal.MethodRunner.runInSequence(MethodRunner.java:46)
at org.testng.internal.TestInvoker$MethodInvocationAgent.invoke(TestInvoker.java:824)
at org.testng.internal.TestInvoker.invokeTestMethods(TestInvoker.java:146)
at org.testng.internal.TestMethodWorker.invokeTestMethods(TestMethodWorker.java:146)
at org.testng.internal.TestMethodWorker.run(TestMethodWorker.java:128)
at java.base/java.util.ArrayList.forEach(ArrayList.java:1511)
at org.testng.TestRunner.privateRun(TestRunner.java:794)
at org.testng.TestRunner.run(TestRunner.java:596)
at org.testng.SuiteRunner.runTest(SuiteRunner.java:377)
at org.testng.SuiteRunner.runSequentially(SuiteRunner.java:371)
at org.testng.SuiteRunner.privateRun(SuiteRunner.java:332)
at org.testng.SuiteRunner.run(SuiteRunner.java:276)
at org.testng.SuiteRunnerWorker.runSuite(SuiteRunnerWorker.java:53)
at org.testng.SuiteRunnerWorker.run(SuiteRunnerWorker.java:96)
at org.testng.TestNG.runSuitesSequentially(TestNG.java:1212)
at org.testng.TestNG.runSuitesLocally(TestNG.java:1134)
at org.testng.TestNG.runSuites(TestNG.java:1063)
at org.testng.TestNG.run(TestNG.java:1031)
at org.testng.remote.AbstractRemoteTestNG.run(AbstractRemoteTestNG.java:115)
at org.testng.remote.RemoteTestNG.initAndRun(RemoteTestNG.java:251)
at org.testng.remote.RemoteTestNG.main(RemoteTestNG.java:77)
]]>
            </full-stacktrace>
          </exception> <!-- org.openqa.selenium.NoSuchElementException -->
          <reporter-output>
          </reporter-output>
        </test-method> <!-- testSearchProduct -->
        <test-method is-config="true" signature="postCondition(org.testng.ITestResult)[pri:0, instance:script.userflow.UserFlow@121314f7]" started-at="2024-01-29T12:09:02 IST" name="postCondition" finished-at="2024-01-29T12:09:02 IST" duration-ms="574" status="PASS">
          <params>
            <param index="0">
              <value>
                <![CDATA[[TestResult name=testSearchProduct status=FAILURE method=UserFlow.testSearchProduct(java.lang.String,java.lang.String)[pri:0, instance:script.userflow.UserFlow@121314f7] output={null}]]]>
              </value>
            </param>
          </params>
          <reporter-output>
          </reporter-output>
        </test-method> <!-- postCondition -->
        <test-method is-config="true" signature="publishReport()[pri:0, instance:script.userflow.UserFlow@121314f7]" started-at="2024-01-29T12:09:02 IST" name="publishReport" finished-at="2024-01-29T12:09:02 IST" duration-ms="369" status="PASS">
          <reporter-output>
          </reporter-output>
        </test-method> <!-- publishReport -->
      </class> <!-- script.userflow.UserFlow -->
    </test> <!-- Default test -->
  </suite> <!-- Default suite -->
</testng-results>
